<?xml version="1.0" encoding="UTF-8" ?>
<testsuite failures="0" time="1.044" errors="0" skipped="0" tests="8" name="com.vz.app.CustomerAPITest">
  <properties>
[...]
</properties>
  <testcase time="0.759" classname="com.vz.app.CustomerAPITest" name="testCreateCustomerSuccess"/>
  <testcase time="0.037" classname="com.vz.app.CustomerAPITest" name="testCreateCustomerFailure"/>
  <testcase time="0.035" classname="com.vz.app.CustomerAPITest" name="testCreateCustomer2Success"/>
  <testcase time="0.04" classname="com.vz.app.CustomerAPITest" name="testReadCustomerSuccess"/>
  <testcase time="0.039" classname="com.vz.app.CustomerAPITest" name="testCreateCustomer3Success"/>
  <testcase time="0.033" classname="com.vz.app.CustomerAPITest" name="testUpdateCustomerSuccess"/>
  <testcase time="0.037" classname="com.vz.app.CustomerAPITest" name="testCreateCustomer4Success"/>
  <testcase time="0.018" classname="com.vz.app.CustomerAPITest" name="testDeleteCustomerSuccess"/>
</testsuite>